0 info it worked if it ends with ok
1 verbose cli [ '/usr/local/Cellar/node/0.10.20/bin/node',
1 verbose cli   '/usr/local/bin/npm',
1 verbose cli   'publish' ]
2 info using npm@1.3.11
3 info using node@v0.10.20
4 verbose publish [ '.' ]
5 verbose cache add [ '.', null ]
6 verbose cache add name=undefined spec="." args=[".",null]
7 verbose parsed url { protocol: null,
7 verbose parsed url   slashes: null,
7 verbose parsed url   auth: null,
7 verbose parsed url   host: null,
7 verbose parsed url   port: null,
7 verbose parsed url   hostname: null,
7 verbose parsed url   hash: null,
7 verbose parsed url   search: null,
7 verbose parsed url   query: null,
7 verbose parsed url   pathname: '.',
7 verbose parsed url   path: '.',
7 verbose parsed url   href: '.' }
8 silly lockFile 3a52ce78- .
9 verbose lock . /Users/cvig/.npm/3a52ce78-.lock
10 verbose tar pack [ '/var/folders/wm/75y7hqb14z34hsl79w91t8mm0000gn/T/npm-25237-AfH2cPrY/1381548483495-0.7297817587386817/tmp.tgz',
10 verbose tar pack   '.' ]
11 verbose tarball /var/folders/wm/75y7hqb14z34hsl79w91t8mm0000gn/T/npm-25237-AfH2cPrY/1381548483495-0.7297817587386817/tmp.tgz
12 verbose folder .
13 silly lockFile 1f1177db-tar tar://.
14 verbose lock tar://. /Users/cvig/.npm/1f1177db-tar.lock
15 silly lockFile 2295653b-83495-0-7297817587386817-tmp-tgz tar:///var/folders/wm/75y7hqb14z34hsl79w91t8mm0000gn/T/npm-25237-AfH2cPrY/1381548483495-0.7297817587386817/tmp.tgz
16 verbose lock tar:///var/folders/wm/75y7hqb14z34hsl79w91t8mm0000gn/T/npm-25237-AfH2cPrY/1381548483495-0.7297817587386817/tmp.tgz /Users/cvig/.npm/2295653b-83495-0-7297817587386817-tmp-tgz.lock
17 silly lockFile 1f1177db-tar tar://.
18 silly lockFile 1f1177db-tar tar://.
19 silly lockFile 2295653b-83495-0-7297817587386817-tmp-tgz tar:///var/folders/wm/75y7hqb14z34hsl79w91t8mm0000gn/T/npm-25237-AfH2cPrY/1381548483495-0.7297817587386817/tmp.tgz
20 silly lockFile 2295653b-83495-0-7297817587386817-tmp-tgz tar:///var/folders/wm/75y7hqb14z34hsl79w91t8mm0000gn/T/npm-25237-AfH2cPrY/1381548483495-0.7297817587386817/tmp.tgz
21 verbose tar unpack /var/folders/wm/75y7hqb14z34hsl79w91t8mm0000gn/T/npm-25237-AfH2cPrY/1381548483495-0.7297817587386817/tmp.tgz
22 silly lockFile 4996db5c-83495-0-7297817587386817-package tar:///var/folders/wm/75y7hqb14z34hsl79w91t8mm0000gn/T/npm-25237-AfH2cPrY/1381548483495-0.7297817587386817/package
23 verbose lock tar:///var/folders/wm/75y7hqb14z34hsl79w91t8mm0000gn/T/npm-25237-AfH2cPrY/1381548483495-0.7297817587386817/package /Users/cvig/.npm/4996db5c-83495-0-7297817587386817-package.lock
24 silly lockFile 2295653b-83495-0-7297817587386817-tmp-tgz tar:///var/folders/wm/75y7hqb14z34hsl79w91t8mm0000gn/T/npm-25237-AfH2cPrY/1381548483495-0.7297817587386817/tmp.tgz
25 verbose lock tar:///var/folders/wm/75y7hqb14z34hsl79w91t8mm0000gn/T/npm-25237-AfH2cPrY/1381548483495-0.7297817587386817/tmp.tgz /Users/cvig/.npm/2295653b-83495-0-7297817587386817-tmp-tgz.lock
26 silly gunzTarPerm modes [ '755', '644' ]
27 silly gunzTarPerm extractEntry package.json
28 silly gunzTarPerm extractEntry .npmignore
29 silly gunzTarPerm extractEntry README.md
30 silly gunzTarPerm extractEntry Gruntfile.js
31 silly gunzTarPerm extractEntry main.js
32 silly gunzTarPerm extractEntry lib/accumulator.js
33 silly gunzTarPerm extractEntry lib/options.js
34 silly gunzTarPerm extractEntry lib/status.js
35 silly gunzTarPerm extractEntry spec/accumulator_spec.js
36 silly gunzTarPerm extractEntry spec/status_spec.js
37 silly lockFile 4996db5c-83495-0-7297817587386817-package tar:///var/folders/wm/75y7hqb14z34hsl79w91t8mm0000gn/T/npm-25237-AfH2cPrY/1381548483495-0.7297817587386817/package
38 silly lockFile 4996db5c-83495-0-7297817587386817-package tar:///var/folders/wm/75y7hqb14z34hsl79w91t8mm0000gn/T/npm-25237-AfH2cPrY/1381548483495-0.7297817587386817/package
39 silly lockFile 2295653b-83495-0-7297817587386817-tmp-tgz tar:///var/folders/wm/75y7hqb14z34hsl79w91t8mm0000gn/T/npm-25237-AfH2cPrY/1381548483495-0.7297817587386817/tmp.tgz
40 silly lockFile 2295653b-83495-0-7297817587386817-tmp-tgz tar:///var/folders/wm/75y7hqb14z34hsl79w91t8mm0000gn/T/npm-25237-AfH2cPrY/1381548483495-0.7297817587386817/tmp.tgz
41 verbose tar pack [ '/Users/cvig/.npm/url-ok/0.0.1/package.tgz',
41 verbose tar pack   '/var/folders/wm/75y7hqb14z34hsl79w91t8mm0000gn/T/npm-25237-AfH2cPrY/1381548483495-0.7297817587386817/package' ]
42 verbose tarball /Users/cvig/.npm/url-ok/0.0.1/package.tgz
43 verbose folder /var/folders/wm/75y7hqb14z34hsl79w91t8mm0000gn/T/npm-25237-AfH2cPrY/1381548483495-0.7297817587386817/package
44 silly lockFile 4996db5c-83495-0-7297817587386817-package tar:///var/folders/wm/75y7hqb14z34hsl79w91t8mm0000gn/T/npm-25237-AfH2cPrY/1381548483495-0.7297817587386817/package
45 verbose lock tar:///var/folders/wm/75y7hqb14z34hsl79w91t8mm0000gn/T/npm-25237-AfH2cPrY/1381548483495-0.7297817587386817/package /Users/cvig/.npm/4996db5c-83495-0-7297817587386817-package.lock
46 silly lockFile db5ceb22-vig-npm-url-ok-0-0-1-package-tgz tar:///Users/cvig/.npm/url-ok/0.0.1/package.tgz
47 verbose lock tar:///Users/cvig/.npm/url-ok/0.0.1/package.tgz /Users/cvig/.npm/db5ceb22-vig-npm-url-ok-0-0-1-package-tgz.lock
48 silly lockFile 4996db5c-83495-0-7297817587386817-package tar:///var/folders/wm/75y7hqb14z34hsl79w91t8mm0000gn/T/npm-25237-AfH2cPrY/1381548483495-0.7297817587386817/package
49 silly lockFile 4996db5c-83495-0-7297817587386817-package tar:///var/folders/wm/75y7hqb14z34hsl79w91t8mm0000gn/T/npm-25237-AfH2cPrY/1381548483495-0.7297817587386817/package
50 silly lockFile db5ceb22-vig-npm-url-ok-0-0-1-package-tgz tar:///Users/cvig/.npm/url-ok/0.0.1/package.tgz
51 silly lockFile db5ceb22-vig-npm-url-ok-0-0-1-package-tgz tar:///Users/cvig/.npm/url-ok/0.0.1/package.tgz
52 silly lockFile 8eb0008f-rs-cvig-npm-url-ok-0-0-1-package /Users/cvig/.npm/url-ok/0.0.1/package
53 verbose lock /Users/cvig/.npm/url-ok/0.0.1/package /Users/cvig/.npm/8eb0008f-rs-cvig-npm-url-ok-0-0-1-package.lock
54 silly lockFile 8eb0008f-rs-cvig-npm-url-ok-0-0-1-package /Users/cvig/.npm/url-ok/0.0.1/package
55 silly lockFile 8eb0008f-rs-cvig-npm-url-ok-0-0-1-package /Users/cvig/.npm/url-ok/0.0.1/package
56 verbose tar unpack /Users/cvig/.npm/url-ok/0.0.1/package.tgz
57 silly lockFile 36b51d62-rs-cvig-npm-url-ok-0-0-1-package tar:///Users/cvig/.npm/url-ok/0.0.1/package
58 verbose lock tar:///Users/cvig/.npm/url-ok/0.0.1/package /Users/cvig/.npm/36b51d62-rs-cvig-npm-url-ok-0-0-1-package.lock
59 silly lockFile db5ceb22-vig-npm-url-ok-0-0-1-package-tgz tar:///Users/cvig/.npm/url-ok/0.0.1/package.tgz
60 verbose lock tar:///Users/cvig/.npm/url-ok/0.0.1/package.tgz /Users/cvig/.npm/db5ceb22-vig-npm-url-ok-0-0-1-package-tgz.lock
61 silly gunzTarPerm modes [ '755', '644' ]
62 silly gunzTarPerm extractEntry package.json
63 silly gunzTarPerm extractEntry .npmignore
64 silly gunzTarPerm extractEntry README.md
65 silly gunzTarPerm extractEntry Gruntfile.js
66 silly gunzTarPerm extractEntry main.js
67 silly gunzTarPerm extractEntry lib/accumulator.js
68 silly gunzTarPerm extractEntry lib/options.js
69 silly gunzTarPerm extractEntry lib/status.js
70 silly gunzTarPerm extractEntry spec/accumulator_spec.js
71 silly gunzTarPerm extractEntry spec/status_spec.js
72 silly lockFile 36b51d62-rs-cvig-npm-url-ok-0-0-1-package tar:///Users/cvig/.npm/url-ok/0.0.1/package
73 silly lockFile 36b51d62-rs-cvig-npm-url-ok-0-0-1-package tar:///Users/cvig/.npm/url-ok/0.0.1/package
74 silly lockFile db5ceb22-vig-npm-url-ok-0-0-1-package-tgz tar:///Users/cvig/.npm/url-ok/0.0.1/package.tgz
75 silly lockFile db5ceb22-vig-npm-url-ok-0-0-1-package-tgz tar:///Users/cvig/.npm/url-ok/0.0.1/package.tgz
76 verbose chmod /Users/cvig/.npm/url-ok/0.0.1/package.tgz 644
77 verbose chown /Users/cvig/.npm/url-ok/0.0.1/package.tgz [ 501, 20 ]
78 silly lockFile 3a52ce78- .
79 silly lockFile 3a52ce78- .
80 silly publish { name: 'url-ok',
80 silly publish   description: 'check http status for number of URLs with timeout',
80 silly publish   version: '0.0.1',
80 silly publish   bin: { 'url-ok': 'main.js' },
80 silly publish   main: 'lib/url-ok.js',
80 silly publish   dependencies: { 'argv-parser': '0.1.4', promise: '3.2.0' },
80 silly publish   engines: { node: '>=0.8' },
80 silly publish   devDependencies:
80 silly publish    { grunt: '0.4.1',
80 silly publish      'grunt-contrib-jshint': '0.6.4',
80 silly publish      'grunt-jasmine-node': '0.1.0',
80 silly publish      'grunt-jsbeautifier': '0.2.2',
80 silly publish      'http-proxy': '0.10.3',
80 silly publish      nock: '0.22.1' },
80 silly publish   repository: { type: 'git', url: 'https://github.com/cymen/url-ok' },
80 silly publish   readme: '# url-ok\n\n`url-ok` is a HTTP and HTTPS status checker for URLs. The default timeout is 120 seconds at\nwhich point it will abort the checks and the process will have an exit code of 1. If all\nthe checks are successfull (success is defined as returning 200), the process will have an\nexit code of 0.\n\nIf a URL cannot be reached, it will continue to try to reach the URL every 500 milleseconds\nup to the timeout. For HTTP, it uses a HEAD request while for HTTPS it uses GET.\n\n## Options\n\n--timeout to set a specific timeout in seconds\n--verbose to enable verbose output\n\n## Example of a successful run\n\n    # url-ok http://www.google.com/ http://www.microsoft.com/ http://www.apple.com/ --verbose\n    Waiting up to 120 seconds for response(s).\n    Requesting http://www.google.com/\n    Requesting http://www.microsoft.com/\n    Requesting http://www.apple.com/\n    200 \'http://www.google.com/\'\n    200 \'http://www.apple.com/\'\n    200 \'http://www.microsoft.com/\'\n    Received successful response for all URLs.\n\n    # echo $?\n    0\n\n## Example of failing run\n\n    # url-ok http://no.such.server.localhost/ --timeout 10 --verbose\n    Waiting up to 10 seconds for response(s).\n    Requesting http://no.such.server.localhost/\n    Aborting after 10 seconds!\n    At least one URL failed to respond!\n\n    # echo $?\n    1\n',
80 silly publish   readmeFilename: 'README.md',
80 silly publish   bugs: { url: 'https://github.com/cymen/url-ok/issues' },
80 silly publish   _id: 'url-ok@0.0.1',
80 silly publish   dist: { shasum: '920421728f5958a2af4ca2bfc1b151b9b0465086' },
80 silly publish   _from: '.' }
81 verbose url raw url-ok
82 verbose url resolving [ 'https://registry.npmjs.org/', './url-ok' ]
83 verbose url resolved https://registry.npmjs.org/url-ok
84 info trying registry request attempt 1 at 22:28:03
85 http PUT https://registry.npmjs.org/url-ok
86 http 409 https://registry.npmjs.org/url-ok
87 verbose url raw url-ok
88 verbose url resolving [ 'https://registry.npmjs.org/', './url-ok' ]
89 verbose url resolved https://registry.npmjs.org/url-ok
90 info trying registry request attempt 1 at 22:28:05
91 http GET https://registry.npmjs.org/url-ok
92 http 200 https://registry.npmjs.org/url-ok
93 error publish fail Cannot publish over existing version.
93 error publish fail Update the 'version' field in package.json and try again.
93 error publish fail
93 error publish fail If the previous version was published in error, see:
93 error publish fail     npm help unpublish
93 error publish fail
93 error publish fail To automatically increment version numbers, see:
93 error publish fail     npm help version
94 error System Darwin 12.5.0
95 error command "/usr/local/Cellar/node/0.10.20/bin/node" "/usr/local/bin/npm" "publish"
96 error cwd /Users/cvig/dev/url-ok-ng
97 error node -v v0.10.20
98 error npm -v 1.3.11
99 error code EPUBLISHCONFLICT
100 verbose exit [ 1, true ]
